  main.cpp
  inject.cpp
  logger.cpp
  pe_headers.cpp
  process.cpp
  helpers.cpp
D:\dev\mazrek\mazrek\src\misc\helpers.cpp(124,63): warning C4311: 'reinterpret_cast': pointer truncation from 'BYTE *' to 'DWORD'
D:\dev\mazrek\mazrek\src\misc\helpers.cpp(124,63): warning C4302: 'reinterpret_cast': truncation from 'BYTE *' to 'DWORD'
D:\dev\mazrek\mazrek\src\misc\helpers.cpp(156,21): warning C4018: '<': signed/unsigned mismatch
  pixeltype.cpp
  graphics.cpp
D:\dev\mazrek\mazrek\src\visuals\graphics.cpp(77,71): warning C4244: 'argument': conversion from 'DWORD' to 'float', possible loss of data
D:\dev\mazrek\mazrek\src\visuals\graphics.cpp(77,51): warning C4244: 'argument': conversion from 'DWORD' to 'float', possible loss of data
D:\dev\mazrek\mazrek\src\visuals\graphics.cpp(227,75): warning C4267: 'argument': conversion from 'size_t' to 'int', possible loss of data
D:\dev\mazrek\mazrek\src\visuals\graphics.cpp(276,80): warning C4267: 'argument': conversion from 'size_t' to 'int', possible loss of data
  imgui.cpp
D:\dev\mazrek\mazrek\src\visuals\imgui\imgui.cpp(8714,37): warning C4267: 'initializing': conversion from 'size_t' to 'int', possible loss of data
D:\dev\mazrek\mazrek\src\visuals\imgui\imgui.cpp(8714,37): warning C4267: 'initializing': conversion from 'size_t' to 'const int', possible loss of data
  imgui_demo.cpp
  imgui_draw.cpp
  imgui_impl_dx9.cpp
  logo.cpp
  input.cpp
  window.cpp
D:\dev\mazrek\mazrek\src\visuals\window.cpp(18,70): warning C4267: 'argument': conversion from 'size_t' to '_Ty', possible loss of data
          with
          [
              _Ty=int
          ]
  Generating code
  Previous IPDB not found, fall back to full compilation.
  All 1503 functions were compiled because no usable IPDB/IOBJ from previous compilation was found.
  Finished generating code
  mazrek.vcxproj -> D:\dev\mazrek\bin\Release\mazrek.exe
